<?xml version="1.0" encoding="UTF-8"?>
<!-- Generated by org.testng.reporters.JUnitXMLReporter -->
<testsuite ignored="0" hostname="Rajas-MacBook-Air.local" failures="0" tests="4" name="Default test" time="2.388" errors="0" timestamp="2025-10-01T18:20:38 BST">
  <testcase classname="com.booker.tests.BookingTests" name="createBooking" time="0.559"/>
  <testcase classname="com.booker.tests.BookingTests" name="getAllBookingIds" time="0.759"/>
  <testcase classname="com.booker.tests.BookingTests" name="updateBooking" time="0.524"/>
  <testcase classname="com.booker.tests.BookingTests" name="deleteBooking" time="0.529"/>
</testsuite> <!-- Default test -->
