<?xml version="1.0" encoding="UTF-8"?>
<testng-results ignored="0" total="4" passed="4" failed="0" skipped="0">
  <reporter-output>
  </reporter-output>
  <suite started-at="2025-10-21T17:48:26 BST" name="API Test Suite" finished-at="2025-10-21T17:48:28 BST" duration-ms="2176">
    <groups>
    </groups>
    <test started-at="2025-10-21T17:48:26 BST" name="Booking Tests" finished-at="2025-10-21T17:48:28 BST" duration-ms="2176">
      <class name="com.booker.tests.BookingTests">
        <test-method is-config="true" signature="setup()[pri:0, instance:com.booker.tests.BookingTests@4bd1f8dd]" started-at="2025-10-21T17:48:25 BST" name="setup" finished-at="2025-10-21T17:48:26 BST" duration-ms="958" status="PASS">
          <reporter-output>
          </reporter-output>
        </test-method> <!-- setup -->
        <test-method is-config="true" signature="setupTests()[pri:0, instance:com.booker.tests.BookingTests@4bd1f8dd]" started-at="2025-10-21T17:48:26 BST" name="setupTests" finished-at="2025-10-21T17:48:26 BST" duration-ms="1" status="PASS">
          <reporter-output>
          </reporter-output>
        </test-method> <!-- setupTests -->
        <test-method signature="createBooking()[pri:0, instance:com.booker.tests.BookingTests@4bd1f8dd]" started-at="2025-10-21T17:48:26 BST" name="createBooking" finished-at="2025-10-21T17:48:27 BST" duration-ms="538" status="PASS">
          <reporter-output>
          </reporter-output>
        </test-method> <!-- createBooking -->
        <test-method signature="getAllBookingIds()[pri:0, instance:com.booker.tests.BookingTests@4bd1f8dd]" started-at="2025-10-21T17:48:27 BST" name="getAllBookingIds" finished-at="2025-10-21T17:48:27 BST" duration-ms="611" status="PASS">
          <reporter-output>
          </reporter-output>
        </test-method> <!-- getAllBookingIds -->
        <test-method signature="updateBooking()[pri:0, instance:com.booker.tests.BookingTests@4bd1f8dd]" started-at="2025-10-21T17:48:27 BST" name="updateBooking" finished-at="2025-10-21T17:48:28 BST" depends-on-methods="com.booker.tests.BookingTests.createBooking" duration-ms="491" status="PASS">
          <reporter-output>
          </reporter-output>
        </test-method> <!-- updateBooking -->
        <test-method signature="deleteBooking()[pri:0, instance:com.booker.tests.BookingTests@4bd1f8dd]" started-at="2025-10-21T17:48:28 BST" name="deleteBooking" finished-at="2025-10-21T17:48:28 BST" depends-on-methods="com.booker.tests.BookingTests.updateBooking" duration-ms="481" status="PASS">
          <reporter-output>
          </reporter-output>
        </test-method> <!-- deleteBooking -->
      </class> <!-- com.booker.tests.BookingTests -->
    </test> <!-- Booking Tests -->
  </suite> <!-- API Test Suite -->
</testng-results>
